<?xml version="1.0" encoding="UTF-8"?>
<TestRun id="78399465-9513-4a35-9648-a19ad1fd9714" name="nishida.masashi@NISHIDAMASASHI 2015-01-08 23:35:23" runUser="nishidamasashi\nishida.masashi" xmlns="http://microsoft.com/schemas/VisualStudio/TeamTest/2010">
  <TestSettings name="ローカル" id="0ac42ee8-a8bc-44fc-8e0c-5524312f653a">
    <Description>これらはローカル テスト実行用の既定のテスト設定です。</Description>
    <Deployment runDeploymentRoot="nishida.masashi_NISHIDAMASASHI 2015-01-08 23_35_23">
      <DeploymentItem filename="WindowsApplication1\WindowsApplication1\bin\" />
      <DeploymentItem filename="C:\Users\nishida.masashi\Documents\GitHub\UIAutomationTestVBNet\TestProject1\WindowsApplication1\ClassLibrary1\bin\Debug\ClassLibrary1.dll" />
      <DeploymentItem filename="C:\Users\nishida.masashi\Documents\GitHub\UIAutomationTestVBNet\TestProject1\WindowsApplication1\WindowsApplication1\bin\Debug\WindowsApplication1.exe" />
    </Deployment>
    <Execution>
      <TestTypeSpecific>
        <UnitTestRunConfig testTypeId="13cdc9d9-ddb5-4fa4-a97d-d965ccfc6d4b">
          <AssemblyResolution>
            <TestDirectory useLoadContext="true" />
          </AssemblyResolution>
        </UnitTestRunConfig>
      </TestTypeSpecific>
      <AgentRule name="Execution Agents">
      </AgentRule>
    </Execution>
  </TestSettings>
  <Times creation="2015-01-08T23:35:23.9532639+09:00" queuing="2015-01-08T23:35:24.7273082+09:00" start="2015-01-08T23:35:24.8203135+09:00" finish="2015-01-08T23:37:22.9050676+09:00" />
  <ResultSummary outcome="Error">
    <Counters total="1" executed="1" error="0" failed="0" timeout="0" aborted="1" inconclusive="0" passedButRunAborted="0" notRunnable="0" notExecuted="0" disconnected="0" warning="0" passed="0" completed="0" inProgress="0" pending="0" />
    <RunInfos>
      <RunInfo computerName="NISHIDAMASASHI" outcome="Error" timestamp="2015-01-08T23:37:22.9040675+09:00">
        <Text>テストのホスト プロセスは予期せずに終了しました。</Text>
      </RunInfo>
    </RunInfos>
  </ResultSummary>
  <TestDefinitions>
    <UnitTest name="Test_1" storage="c:\users\nishida.masashi\documents\github\uiautomationtestvbnet\testproject1\testproject1\bin\debug\testproject1.dll" id="b0098ae6-8b05-68aa-a9fe-d0c10224d8c7">
      <Execution id="0297e582-72ee-4c52-bb06-69150c508891" />
      <TestMethod codeBase="C:/Users/nishida.masashi/Documents/GitHub/UIAutomationTestVBNet/TestProject1/TestProject1/bin/Debug/TestProject1.DLL" adapterTypeName="Microsoft.VisualStudio.TestTools.TestTypes.Unit.UnitTestAdapter, Microsoft.VisualStudio.QualityTools.Tips.UnitTest.Adapter, Version=10.0.0.0, Culture=neutral, PublicKeyToken=b03f5f7f11d50a3a" className="TestProject1.UnitTest1, TestProject1, Version=1.0.0.0, Culture=neutral, PublicKeyToken=null" name="Test_1" />
    </UnitTest>
  </TestDefinitions>
  <TestLists>
    <TestList name="一覧に存在しない結果" id="8c84fa94-04c1-424b-9868-57a2d4851a1d" />
    <TestList name="読み込まれたすべての結果" id="19431567-8539-422a-85d7-44ee4e166bda" />
  </TestLists>
  <TestEntries>
    <TestEntry testId="b0098ae6-8b05-68aa-a9fe-d0c10224d8c7" executionId="0297e582-72ee-4c52-bb06-69150c508891" testListId="8c84fa94-04c1-424b-9868-57a2d4851a1d" />
  </TestEntries>
  <Results>
    <UnitTestResult executionId="0297e582-72ee-4c52-bb06-69150c508891" testId="b0098ae6-8b05-68aa-a9fe-d0c10224d8c7" testName="Test_1" computerName="NISHIDAMASASHI" duration="00:01:58.0047495" startTime="2015-01-08T23:35:24.9003181+09:00" endTime="2015-01-08T23:37:22.9050676+09:00" testType="13cdc9d9-ddb5-4fa4-a97d-d965ccfc6d4b" outcome="Aborted" testListId="8c84fa94-04c1-424b-9868-57a2d4851a1d" relativeResultsDirectory="0297e582-72ee-4c52-bb06-69150c508891">
    </UnitTestResult>
  </Results>
</TestRun>